2023-12-18 15:25:30.060330: I Loading parameters
2023-12-18 15:25:30.060422: I Parameter factors set to 40
2023-12-18 15:25:52.915154: I Finished
2023-12-18 15:25:52.916868: I Writing recommendations at: /Users/giuse/progs/testitems_elliot/results/dbbook/recs
2023-12-18 15:25:52.950427: I ******************************************
2023-12-18 15:25:52.952774: I Loading parameters
2023-12-18 15:25:52.952832: I Parameter factors set to 20
2023-12-18 15:26:19.526879: I Finished
2023-12-18 15:26:19.527200: I Writing recommendations at: /Users/giuse/progs/testitems_elliot/results/dbbook/recs
2023-12-18 15:26:19.550569: I ******************************************
2023-12-18 15:26:19.553226: I Loading parameters
2023-12-18 15:26:19.555881: I Parameter factors set to 10
2023-12-18 15:26:48.036462: I Finished
2023-12-18 15:26:48.037456: I Writing recommendations at: /Users/giuse/progs/testitems_elliot/results/dbbook/recs
2023-12-18 15:26:48.061557: I ******************************************
2023-12-18 15:26:48.064368: I Loading parameters
2023-12-18 15:26:48.064526: I Parameter factors set to 30
2023-12-18 15:27:13.779267: I Finished
2023-12-18 15:27:13.780284: I Writing recommendations at: /Users/giuse/progs/testitems_elliot/results/dbbook/recs
2023-12-18 15:27:13.808437: I ******************************************
2023-12-18 15:27:13.810767: I Loading parameters
2023-12-18 15:27:13.810820: I Parameter factors set to 50
2023-12-18 15:27:38.192892: I Finished
2023-12-18 15:27:38.193886: I Writing recommendations at: /Users/giuse/progs/testitems_elliot/results/dbbook/recs
2023-12-18 15:27:38.224228: I ******************************************
